66
36
false
true
133
73
false
true
200
109
false
true
265
145
false
true
332
183
false
true
403
220
false
true
469
256
false
true
536
293
false
true
604
331
false
true
674
371
false
true
746
410
false
true
818
450
false
true
890
489
false
true
962
528
false
true
1030
565
false
true
1100
603
false
true
1169
642
false
true
1242
681
false
true
1311
718
false
true
1382
756
false
true
1452
794
false
true
1521
832
false
true
1593
871
false
true
1663
909
false
true
1735
948
false
true
1805
986
false
true
1875
1025
false
true
1945
1064
false
true
2015
1103
false
true
2086
1143
false
true
2155
1182
false
true
2224
1221
false
true
2291
1258
false
true
2359
1295
false
true
2427
1333
false
true
2495
1370
false
true
2564
1407
false
true
2634
1445
false
true
2703
1482
false
true
2773
1520
false
true
2841
1556
false
true
2910
1593
false
true
2979
1630
false
true
3049
1668
false
true
3118
1705
false
true
3187
1743
false
true
3256
1780
false
true
3325
1817
false
true
3394
1854
false
true
3463
1892
false
true
3532
1929
false
true
3602
1967
false
true
3671
2004
false
true
3741
2042
false
true
3810
2079
false
true
3879
2116
false
true
3948
2153
false
true
4017
2191
false
true
4086
2228
false
true
4155
2265
false
true
4224
2302
false
true
4294
2340
false
true
4364
2378
false
true
4434
2416
false
true
4504
2455
false
true
4574
2494
false
true
4644
2533
false
true
4714
2572
false
true
4784
2612
false
true
4854
2651
false
true
4924
2690
false
true
4995
2729
false
true
5066
2768
false
true
5137
2806
false
true
5208
2846
false
true
5278
2886
false
true
5349
2925
false
true
5421
2965
false
true
5492
3004
false
true
5563
3044
false
true
5636
3085
false
true
5708
3125
false
true
5780
3165
false
true
5853
3206
false
true
5925
3246
false
true
5997
3286
false
true
6070
3327
false
true
6142
3367
false
true
6213
3406
false
true
6286
3447
false
true
6359
3487
false
true
6432
3527
false
true
6506
3568
false
true
6579
3608
false
true
6652
3648
false
true
6726
3689
false
true
6799
3729
false
true
6872
3769
false
true
6946
3810
false
true
7019
3850
false
true
7092
3890
false
true
7166
3931
false
true
7239
3971
false
true
7312
4011
false
true
7386
4052
false
true
7459
4092
false
true
7532
4132
false
true
7606
4173
false
true
7679
4213
false
true
7752
4253
false
true
7826
4294
false
true
7899
4334
false
true
7972
4374
false
true
8046
4415
false
true
8119
4455
false
true
8192
4495
false
true
8266
4536
false
true
8340
4577
false
true
8414
4618
false
true
8488
4659
false
true
8562
4700
false
true
8636
4741
false
true
8710
4782
false
true
8784
4823
false
true
8858
4864
false
true
8932
4905
false
true
9006
4946
false
true
9080
4987
false
true
9154
5028
false
true
9228
5069
false
true
9302
5110
false
true
9376
5151
false
true
9450
5192
false
true
9524
5233
false
true
9598
5274
false
true
9672
5315
false
true
9746
5356
false
true
9820
5397
false
true
9894
5438
false
true
9968
5479
false
true
10042
5520
false
true
10116
5561
false
true
10190
5602
false
true
10264
5643
false
true
10338
5684
false
true
10412
5725
false
true
10485
5765
false
true
10558
5806
false
true
10632
5847
false
true
10706
5888
false
true
10780
5929
false
true
10854
5970
false
true
10928
6011
false
true
11002
6052
false
true
11076
6093
false
true
11149
6134
false
true
11222
6175
false
true
11295
6216
false
true
11368
6257
false
true
11441
6298
false
true
11514
6339
false
true
11586
6379
false
true
11659
6420
false
true
11732
6461
false
true
