This file contains any messages produced by compilers while
running configure, to aid debugging if configure makes a mistake.

It was created by package-unused configure version-unused, which was
generated by GNU Autoconf 2.59.  Invocation command line was

  $ ./configure 

## --------- ##
## Platform. ##
## --------- ##

hostname = GW
uname -m = x86_64
uname -r = 3.13.0-24-generic
uname -s = Linux
uname -v = #47-Ubuntu SMP Fri May 2 23:30:00 UTC 2014

/usr/bin/uname -p = unknown
/bin/uname -X     = unknown

/bin/arch              = unknown
/usr/bin/arch -k       = unknown
/usr/convex/getsysinfo = unknown
hostinfo               = unknown
/bin/machine           = unknown
/usr/bin/oslevel       = unknown
/bin/universe          = unknown

PATH: /usr/local/sbin
PATH: /usr/local/bin
PATH: /usr/sbin
PATH: /usr/bin
PATH: /sbin
PATH: /bin
PATH: /usr/games
PATH: /usr/local/games
PATH: /home/gyuwon/temp/gcc-arm-none-eabi-4_8-2013q4/bin
PATH: /home/gyuwon/Desktop/arm-2009q3/bin
PATH: /home/gyuwon/ARM_STUDY/gcc-linaro-arm-linux-gnueabihf-4.7-2013.04-20130415_linux/bin


## ----------- ##
## Core tests. ##
## ----------- ##

configure:1472: error: cannot find install-sh or install.sh in ./../..

## ---------------- ##
## Cache variables. ##
## ---------------- ##

ac_cv_env_CPPFLAGS_set=
ac_cv_env_CPPFLAGS_value=
ac_cv_env_CPP_set=
ac_cv_env_CPP_value=
ac_cv_env_CXXCPP_set=
ac_cv_env_CXXCPP_value=
ac_cv_env_build_alias_set=
ac_cv_env_build_alias_value=
ac_cv_env_host_alias_set=
ac_cv_env_host_alias_value=
ac_cv_env_target_alias_set=
ac_cv_env_target_alias_value=

## ----------------- ##
## Output variables. ##
## ----------------- ##

ACLOCAL=''
ALLOCATOR_H=''
ALLOCATOR_NAME=''
AMTAR=''
AR=''
AS=''
ATOMICITY_SRCDIR=''
ATOMIC_WORD_SRCDIR=''
AUTOCONF=''
AUTOHEADER=''
AUTOMAKE=''
AWK=''
BASIC_FILE_CC=''
BASIC_FILE_H=''
CC=''
CCODECVT_CC=''
CCODECVT_H=''
CCOLLATE_CC=''
CCTYPE_CC=''
CFLAGS=''
CLOCALE_CC=''
CLOCALE_H=''
CLOCALE_INTERNAL_H=''
CMESSAGES_CC=''
CMESSAGES_H=''
CMONEY_CC=''
CNUMERIC_CC=''
CPP=''
CPPFLAGS=''
CSTDIO_H=''
CTIME_CC=''
CTIME_H=''
CXX=''
CXXCPP=''
CXXFLAGS=''
CYGPATH_W=''
C_INCLUDE_DIR=''
DEBUG_FLAGS=''
DEFS=''
ECHO_C=''
ECHO_N='-n'
ECHO_T=''
EGREP=''
EXEEXT=''
EXTRA_CXX_FLAGS=''
GLIBCXX_BUILD_DEBUG_FALSE=''
GLIBCXX_BUILD_DEBUG_TRUE=''
GLIBCXX_BUILD_PCH_FALSE=''
GLIBCXX_BUILD_PCH_TRUE=''
GLIBCXX_BUILD_VERSIONED_SHLIB_FALSE=''
GLIBCXX_BUILD_VERSIONED_SHLIB_TRUE=''
GLIBCXX_C_HEADERS_COMPATIBILITY_FALSE=''
GLIBCXX_C_HEADERS_COMPATIBILITY_TRUE=''
GLIBCXX_C_HEADERS_C_FALSE=''
GLIBCXX_C_HEADERS_C_STD_FALSE=''
GLIBCXX_C_HEADERS_C_STD_TRUE=''
GLIBCXX_C_HEADERS_C_TRUE=''
GLIBCXX_HOSTED_FALSE=''
GLIBCXX_HOSTED_TRUE=''
GLIBCXX_INCLUDES=''
GLIBCXX_TEST_ABI_FALSE=''
GLIBCXX_TEST_ABI_TRUE=''
GLIBCXX_TEST_WCHAR_T_FALSE=''
GLIBCXX_TEST_WCHAR_T_TRUE=''
INSTALL_DATA=''
INSTALL_PROGRAM=''
INSTALL_SCRIPT=''
INSTALL_STRIP_PROGRAM=''
LIBMATHOBJS=''
LIBOBJS=''
LIBS=''
LIBSUPCXX_PICFLAGS=''
LIBTOOL=''
LN_S=''
LTLIBOBJS=''
MAINT=''
MAINTAINER_MODE_FALSE=''
MAINTAINER_MODE_TRUE=''
MAKEINFO=''
OBJEXT=''
OPTIMIZE_CXXFLAGS=''
OPT_LDFLAGS=''
OS_INC_SRCDIR=''
PACKAGE=''
PACKAGE_BUGREPORT=''
PACKAGE_NAME='package-unused'
PACKAGE_STRING='package-unused version-unused'
PACKAGE_TARNAME='libstdc++'
PACKAGE_VERSION='version-unused'
PATH_SEPARATOR=':'
RANLIB=''
SECTION_FLAGS=''
SECTION_LDFLAGS=''
SET_MAKE=''
SHELL='/bin/bash'
STRIP=''
SYMVER_MAP=''
TOPLEVEL_INCLUDES=''
USE_NLS=''
VERSION=''
WARN_FLAGS=''
WERROR=''
ac_ct_AR=''
ac_ct_AS=''
ac_ct_CC=''
ac_ct_CXX=''
ac_ct_RANLIB=''
ac_ct_STRIP=''
am__leading_dot=''
baseline_dir=''
bindir='${exec_prefix}/bin'
build=''
build_alias=''
build_cpu=''
build_os=''
build_vendor=''
check_msgfmt=''
datadir='${prefix}/share'
enable_shared=''
enable_static=''
exec_prefix='NONE'
glibcxx_MOFILES=''
glibcxx_PCHFLAGS=''
glibcxx_POFILES=''
glibcxx_builddir=''
glibcxx_localedir=''
glibcxx_prefixdir=''
glibcxx_srcdir=''
glibcxx_thread_h=''
glibcxx_toolexecdir=''
glibcxx_toolexeclibdir=''
gxx_include_dir=''
host=''
host_alias=''
host_cpu=''
host_os=''
host_vendor=''
includedir='${prefix}/include'
infodir='${prefix}/info'
install_sh=''
libdir='${exec_prefix}/lib'
libexecdir='${exec_prefix}/libexec'
libtool_VERSION='6:3:0'
localstatedir='${prefix}/var'
mandir='${prefix}/man'
multi_basedir='./../..'
oldincludedir='/usr/include'
port_specific_symbol_files=''
prefix='NONE'
program_transform_name='s,x,x,'
sbindir='${exec_prefix}/sbin'
sharedstatedir='${prefix}/com'
sysconfdir='${prefix}/etc'
target=''
target_alias=''
target_cpu=''
target_os=''
target_vendor=''
toplevel_srcdir=''

## ----------- ##
## confdefs.h. ##
## ----------- ##

#define PACKAGE_BUGREPORT ""
#define PACKAGE_NAME "package-unused"
#define PACKAGE_STRING "package-unused version-unused"
#define PACKAGE_TARNAME "libstdc++"
#define PACKAGE_VERSION "version-unused"

configure: exit 1
